::1 - - [13/Nov/2020:13:40:49 +0000] "GET / HTTP/1.1" 404 139
::1 - - [13/Nov/2020:13:41:26 +0000] "GET /users HTTP/1.1" 200 339
::1 - - [13/Nov/2020:13:41:26 +0000] "GET /favicon.ico HTTP/1.1" 404 150
::1 - - [13/Nov/2020:13:48:30 +0000] "GET /users HTTP/1.1" 304 -
::1 - - [13/Nov/2020:14:00:57 +0000] "POST /users/ HTTP/1.1" 400 923
::1 - - [13/Nov/2020:14:01:29 +0000] "POST /users/ HTTP/1.1" 400 923
::1 - - [13/Nov/2020:14:02:26 +0000] "POST /users/ HTTP/1.1" 400 923
::ffff:127.0.0.1 - - [13/Nov/2020:14:02:50 +0000] "POST /users/ HTTP/1.1" 400 25
::1 - - [13/Nov/2020:14:03:09 +0000] "POST /users/ HTTP/1.1" 400 25
::1 - - [13/Nov/2020:14:05:02 +0000] "POST /users/ HTTP/1.1" 400 38
::1 - - [13/Nov/2020:14:21:19 +0000] "POST /users/ HTTP/1.1" 400 38
::1 - - [13/Nov/2020:14:21:46 +0000] "POST /users/ HTTP/1.1" 400 38
::ffff:127.0.0.1 - - [13/Nov/2020:14:22:24 +0000] "POST /users/ HTTP/1.1" 400 38
::1 - - [13/Nov/2020:14:23:10 +0000] "POST /users/ HTTP/1.1" 201 -
::1 - - [13/Nov/2020:14:23:17 +0000] "POST /users/ HTTP/1.1" 400 27
::1 - - [13/Nov/2020:14:23:23 +0000] "POST /users/ HTTP/1.1" 201 -
::1 - - [13/Nov/2020:14:23:49 +0000] "POST /users/ HTTP/1.1" 201 -
::1 - - [13/Nov/2020:14:30:31 +0000] "POST /users/ HTTP/1.1" 201 -
::1 - - [13/Nov/2020:14:31:04 +0000] "POST /users/ HTTP/1.1" 201 -
::1 - - [13/Nov/2020:14:32:20 +0000] "POST /users/ HTTP/1.1" 201 -
::1 - - [13/Nov/2020:14:32:22 +0000] "POST /users/ HTTP/1.1" 201 -
::1 - - [13/Nov/2020:14:33:21 +0000] "POST /users/ HTTP/1.1" 201 -
::1 - - [13/Nov/2020:14:34:54 +0000] "POST /users/ HTTP/1.1" 201 -
::1 - - [13/Nov/2020:14:36:59 +0000] "POST /users/ HTTP/1.1" 500 54
::1 - - [13/Nov/2020:14:37:43 +0000] "POST /users/ HTTP/1.1" 500 54
::ffff:127.0.0.1 - - [13/Nov/2020:14:38:02 +0000] "POST /users/ HTTP/1.1" 500 54
::1 - - [13/Nov/2020:14:39:43 +0000] "POST /users/ HTTP/1.1" 201 -
::1 - - [13/Nov/2020:14:40:04 +0000] "POST /users/ HTTP/1.1" 201 -
::1 - - [13/Nov/2020:14:40:37 +0000] "POST /users/ HTTP/1.1" 201 -
::ffff:127.0.0.1 - - [13/Nov/2020:14:42:10 +0000] "POST /users/ HTTP/1.1" 201 -
::ffff:127.0.0.1 - - [13/Nov/2020:14:42:43 +0000] "POST /users/ HTTP/1.1" 201 -
::1 - - [13/Nov/2020:14:45:58 +0000] "POST /users/ HTTP/1.1" 201 -
::1 - - [13/Nov/2020:14:46:31 +0000] "POST /users/ HTTP/1.1" 201 -
::1 - - [13/Nov/2020:14:48:16 +0000] "POST /users/ HTTP/1.1" 201 -
::1 - - [13/Nov/2020:14:48:51 +0000] "POST /users/ HTTP/1.1" 201 -
::1 - - [13/Nov/2020:14:49:36 +0000] "POST /users/ HTTP/1.1" 201 -
::1 - - [13/Nov/2020:15:05:44 +0000] "POST /users/ HTTP/1.1" 201 53
::1 - - [13/Nov/2020:15:06:37 +0000] "POST /users/ HTTP/1.1" 201 53
::1 - - [13/Nov/2020:15:15:33 +0000] "POST /users/ HTTP/1.1" 201 53
::1 - - [13/Nov/2020:15:15:48 +0000] "POST /users/ HTTP/1.1" 400 25
::1 - - [13/Nov/2020:15:17:16 +0000] "POST /users/ HTTP/1.1" 400 27
::1 - - [13/Nov/2020:15:17:25 +0000] "POST /users/ HTTP/1.1" 201 -
::1 - - [13/Nov/2020:15:18:21 +0000] "GET /users/cpf/868.720.920-76 HTTP/1.1" 200 120
::1 - - [13/Nov/2020:15:18:32 +0000] "GET /users/cpf/86872092076 HTTP/1.1" 200 11
::1 - - [13/Nov/2020:15:20:38 +0000] "GET /users/cpf/ HTTP/1.1" 404 149
::1 - - [13/Nov/2020:15:20:52 +0000] "POST /users HTTP/1.1" 201 58
::1 - - [13/Nov/2020:15:21:04 +0000] "POST /users HTTP/1.1" 201 -
::1 - - [13/Nov/2020:15:29:19 +0000] "POST /users HTTP/1.1" 201 -
::1 - - [13/Nov/2020:15:30:01 +0000] "POST /users HTTP/1.1" 201 -
::1 - - [13/Nov/2020:15:30:18 +0000] "GET /users HTTP/1.1" 200 787
::1 - - [13/Nov/2020:15:44:59 +0000] "GET /users HTTP/1.1" 200 787
::1 - - [13/Nov/2020:15:45:05 +0000] "POST /users HTTP/1.1" 201 -
::1 - - [13/Nov/2020:15:45:52 +0000] "POST /users HTTP/1.1" 201 -
::1 - - [13/Nov/2020:15:51:19 +0000] "POST /users HTTP/1.1" 201 56
::1 - - [13/Nov/2020:16:05:36 +0000] "POST /users HTTP/1.1" - -
::1 - - [13/Nov/2020:16:05:53 +0000] "POST /users HTTP/1.1" 400 25
::1 - - [13/Nov/2020:16:06:06 +0000] "POST /users HTTP/1.1" 500 54
::1 - - [13/Nov/2020:16:06:54 +0000] "POST /users HTTP/1.1" 400 27
::1 - - [13/Nov/2020:16:07:13 +0000] "POST /users HTTP/1.1" 500 54
::ffff:127.0.0.1 - - [13/Nov/2020:16:07:47 +0000] "POST /users HTTP/1.1" 500 54
::1 - - [13/Nov/2020:16:08:32 +0000] "POST /users HTTP/1.1" 201 337
::1 - - [13/Nov/2020:16:08:47 +0000] "POST /users HTTP/1.1" 201 2
::1 - - [13/Nov/2020:16:08:58 +0000] "POST /users HTTP/1.1" 201 14
::1 - - [13/Nov/2020:16:24:13 +0000] "POST /users HTTP/1.1" 400 38
::1 - - [13/Nov/2020:16:24:24 +0000] "POST /users HTTP/1.1" 400 38
::1 - - [13/Nov/2020:16:37:35 +0000] "POST /users HTTP/1.1" 400 34
::1 - - [13/Nov/2020:16:37:43 +0000] "POST /users HTTP/1.1" 201 56
::1 - - [24/Nov/2020:14:15:52 +0000] "GET / HTTP/1.1" 404 139
::1 - - [24/Nov/2020:14:45:01 +0000] "GET /connections HTTP/1.1" 404 150
::1 - - [24/Nov/2020:15:19:43 +0000] "POST /users HTTP/1.1" 400 34
::1 - - [24/Nov/2020:15:20:59 +0000] "POST /users HTTP/1.1" 400 34
::1 - - [24/Nov/2020:15:21:21 +0000] "POST /users HTTP/1.1" 400 34
::1 - - [24/Nov/2020:15:21:34 +0000] "POST /users HTTP/1.1" 400 34
::1 - - [24/Nov/2020:15:23:32 +0000] "POST /users HTTP/1.1" 201 -
::1 - - [24/Nov/2020:15:29:32 +0000] "GET /connections HTTP/1.1" 404 150
::1 - - [24/Nov/2020:15:30:03 +0000] "OPTIONS /users HTTP/1.1" 200 13
::1 - - [24/Nov/2020:15:31:07 +0000] "OPTIONS /users HTTP/1.1" 200 13
::1 - - [24/Nov/2020:15:31:40 +0000] "OPTIONS /users HTTP/1.1" 200 13
::1 - - [24/Nov/2020:15:31:52 +0000] "OPTIONS /users HTTP/1.1" 200 13
::1 - - [24/Nov/2020:15:33:17 +0000] "OPTIONS /users HTTP/1.1" 200 13
::1 - - [24/Nov/2020:15:33:59 +0000] "OPTIONS /users HTTP/1.1" 200 13
::ffff:127.0.0.1 - - [24/Nov/2020:15:34:07 +0000] "OPTIONS /users HTTP/1.1" 200 13
::1 - - [24/Nov/2020:15:34:32 +0000] "OPTIONS /users HTTP/1.1" 200 13
::1 - - [24/Nov/2020:15:36:44 +0000] "POST /users HTTP/1.1" 201 162
::1 - - [24/Nov/2020:15:39:08 +0000] "POST /users HTTP/1.1" 201 194
::1 - - [24/Nov/2020:15:41:13 +0000] "POST /users HTTP/1.1" 201 194
::1 - - [24/Nov/2020:15:42:32 +0000] "POST /users HTTP/1.1" 201 194
::1 - - [24/Nov/2020:15:44:24 +0000] "POST /users HTTP/1.1" 201 -
::1 - - [24/Nov/2020:15:44:26 +0000] "GET /connections HTTP/1.1" 404 150
::1 - - [24/Nov/2020:15:46:12 +0000] "POST /users HTTP/1.1" 201 -
::1 - - [24/Nov/2020:15:46:14 +0000] "GET /connections HTTP/1.1" 404 150
::1 - - [24/Nov/2020:15:57:46 +0000] "POST /users HTTP/1.1" 201 -
::1 - - [24/Nov/2020:15:59:46 +0000] "POST /users HTTP/1.1" 201 59
::1 - - [24/Nov/2020:16:00:08 +0000] "POST /users HTTP/1.1" 201 62
::1 - - [24/Nov/2020:16:00:17 +0000] "POST /users HTTP/1.1" 201 -
::1 - - [24/Nov/2020:16:00:19 +0000] "GET /connections HTTP/1.1" 404 150
::1 - - [24/Nov/2020:17:17:26 +0000] "POST /categories-calls HTTP/1.1" 201 -
::1 - - [24/Nov/2020:17:17:31 +0000] "GET /categories-calls HTTP/1.1" 200 81
